# JRE version: OpenJDK Runtime Environment (8.0_242-b01) (build 1.8.0_242-release-1644-b01)
# Java VM: OpenJDK 64-Bit Server VM (25.242-b01 mixed mode windows-amd64 compressed oops)
Heap:
 PSYoungGen      total 253440K, used 73509K [0x00000000e0000000, 0x00000000f1000000, 0x0000000100000000)
  eden space 238592K, 25% used [0x00000000e0000000,0x00000000e3a74a48,0x00000000ee900000)
  from space 14848K, 91% used [0x00000000f0180000,0x00000000f0ed49e0,0x00000000f1000000)
  to   space 19968K, 0% used [0x00000000ee900000,0x00000000ee900000,0x00000000efc80000)
 ParOldGen       total 125440K, used 31038K [0x00000000a0000000, 0x00000000a7a80000, 0x00000000e0000000)
  object space 125440K, 24% used [0x00000000a0000000,0x00000000a1e4fa90,0x00000000a7a80000)
 Metaspace       used 71366K, capacity 73680K, committed 73856K, reserved 1114112K
  class space    used 9577K, capacity 10077K, committed 10112K, reserved 1048576K
GC Heap History (10 events):
Event: 19.699 GC heap before
{Heap before GC invocations=15 (full 2):
 PSYoungGen      total 176128K, used 166930K [0x00000000e0000000, 0x00000000ebe80000, 0x0000000100000000)
  eden space 165376K, 100% used [0x00000000e0000000,0x00000000ea180000,0x00000000ea180000)
  from space 10752K, 14% used [0x00000000eb400000,0x00000000eb584b10,0x00000000ebe80000)
  to   space 14848K, 0% used [0x00000000ea180000,0x00000000ea180000,0x00000000eb000000)
 ParOldGen       total 92160K, used 26419K [0x00000000a0000000, 0x00000000a5a00000, 0x00000000e0000000)
  object space 92160K, 28% used [0x00000000a0000000,0x00000000a19cce68,0x00000000a5a00000)
 Metaspace       used 57206K, capacity 58776K, committed 59008K, reserved 1099776K
  class space    used 7387K, capacity 7757K, committed 7808K, reserved 1048576K
Event: 19.713 GC heap after
Heap after GC invocations=15 (full 2):
 PSYoungGen      total 180224K, used 14817K [0x00000000e0000000, 0x00000000edd80000, 0x0000000100000000)
  eden space 165376K, 0% used [0x00000000e0000000,0x00000000e0000000,0x00000000ea180000)
  from space 14848K, 99% used [0x00000000ea180000,0x00000000eaff86f0,0x00000000eb000000)
  to   space 18432K, 0% used [0x00000000ecb80000,0x00000000ecb80000,0x00000000edd80000)
 ParOldGen       total 92160K, used 28967K [0x00000000a0000000, 0x00000000a5a00000, 0x00000000e0000000)
  object space 92160K, 31% used [0x00000000a0000000,0x00000000a1c49d20,0x00000000a5a00000)
 Metaspace       used 57206K, capacity 58776K, committed 59008K, reserved 1099776K
  class space    used 7387K, capacity 7757K, committed 7808K, reserved 1048576K
}
Event: 19.810 GC heap before
{Heap before GC invocations=16 (full 2):
 PSYoungGen      total 180224K, used 30770K [0x00000000e0000000, 0x00000000edd80000, 0x0000000100000000)
  eden space 165376K, 9% used [0x00000000e0000000,0x00000000e0f944e0,0x00000000ea180000)
  from space 14848K, 99% used [0x00000000ea180000,0x00000000eaff86f0,0x00000000eb000000)
  to   space 18432K, 0% used [0x00000000ecb80000,0x00000000ecb80000,0x00000000edd80000)
 ParOldGen       total 92160K, used 28967K [0x00000000a0000000, 0x00000000a5a00000, 0x00000000e0000000)
  object space 92160K, 31% used [0x00000000a0000000,0x00000000a1c49d20,0x00000000a5a00000)
 Metaspace       used 57418K, capacity 58984K, committed 59136K, reserved 1099776K
  class space    used 7426K, capacity 7827K, committed 7936K, reserved 1048576K
Event: 19.818 GC heap after
Heap after GC invocations=16 (full 2):
 PSYoungGen      total 208896K, used 8935K [0x00000000e0000000, 0x00000000ef500000, 0x0000000100000000)
  eden space 190464K, 0% used [0x00000000e0000000,0x00000000e0000000,0x00000000eba00000)
  from space 18432K, 48% used [0x00000000ecb80000,0x00000000ed439ef0,0x00000000edd80000)
  to   space 17920K, 0% used [0x00000000eba00000,0x00000000eba00000,0x00000000ecb80000)
 ParOldGen       total 92160K, used 30348K [0x00000000a0000000, 0x00000000a5a00000, 0x00000000e0000000)
  object space 92160K, 32% used [0x00000000a0000000,0x00000000a1da3058,0x00000000a5a00000)
 Metaspace       used 57418K, capacity 58984K, committed 59136K, reserved 1099776K
  class space    used 7426K, capacity 7827K, committed 7936K, reserved 1048576K
}
Event: 19.818 GC heap before
{Heap before GC invocations=17 (full 3):
 PSYoungGen      total 208896K, used 8935K [0x00000000e0000000, 0x00000000ef500000, 0x0000000100000000)
  eden space 190464K, 0% used [0x00000000e0000000,0x00000000e0000000,0x00000000eba00000)
  from space 18432K, 48% used [0x00000000ecb80000,0x00000000ed439ef0,0x00000000edd80000)
  to   space 17920K, 0% used [0x00000000eba00000,0x00000000eba00000,0x00000000ecb80000)
 ParOldGen       total 92160K, used 30348K [0x00000000a0000000, 0x00000000a5a00000, 0x00000000e0000000)
  object space 92160K, 32% used [0x00000000a0000000,0x00000000a1da3058,0x00000000a5a00000)
 Metaspace       used 57418K, capacity 58984K, committed 59136K, reserved 1099776K
  class space    used 7426K, capacity 7827K, committed 7936K, reserved 1048576K
Event: 20.015 GC heap after
Heap after GC invocations=17 (full 3):
 PSYoungGen      total 208896K, used 0K [0x00000000e0000000, 0x00000000ef500000, 0x0000000100000000)
  eden space 190464K, 0% used [0x00000000e0000000,0x00000000e0000000,0x00000000eba00000)
  from space 18432K, 0% used [0x00000000ecb80000,0x00000000ecb80000,0x00000000edd80000)
  to   space 17920K, 0% used [0x00000000eba00000,0x00000000eba00000,0x00000000ecb80000)
 ParOldGen       total 125440K, used 31022K [0x00000000a0000000, 0x00000000a7a80000, 0x00000000e0000000)
  object space 125440K, 24% used [0x00000000a0000000,0x00000000a1e4ba90,0x00000000a7a80000)
 Metaspace       used 57341K, capacity 58800K, committed 59136K, reserved 1099776K
  class space    used 7403K, capacity 7796K, committed 7936K, reserved 1048576K
}
Event: 26.261 GC heap before
{Heap before GC invocations=18 (full 3):
 PSYoungGen      total 208896K, used 190464K [0x00000000e0000000, 0x00000000ef500000, 0x0000000100000000)
  eden space 190464K, 100% used [0x00000000e0000000,0x00000000eba00000,0x00000000eba00000)
  from space 18432K, 0% used [0x00000000ecb80000,0x00000000ecb80000,0x00000000edd80000)
  to   space 17920K, 0% used [0x00000000eba00000,0x00000000eba00000,0x00000000ecb80000)
 ParOldGen       total 125440K, used 31022K [0x00000000a0000000, 0x00000000a7a80000, 0x00000000e0000000)
  object space 125440K, 24% used [0x00000000a0000000,0x00000000a1e4ba90,0x00000000a7a80000)
 Metaspace       used 66910K, capacity 68998K, committed 69248K, reserved 1110016K
  class space    used 8962K, capacity 9463K, committed 9600K, reserved 1048576K
Event: 26.273 GC heap after
Heap after GC invocations=18 (full 3):
 PSYoungGen      total 208384K, used 13749K [0x00000000e0000000, 0x00000000f1400000, 0x0000000100000000)
  eden space 190464K, 0% used [0x00000000e0000000,0x00000000e0000000,0x00000000eba00000)
  from space 17920K, 76% used [0x00000000eba00000,0x00000000ec76d4f8,0x00000000ecb80000)
  to   space 18944K, 0% used [0x00000000f0180000,0x00000000f0180000,0x00000000f1400000)
 ParOldGen       total 125440K, used 31030K [0x00000000a0000000, 0x00000000a7a80000, 0x00000000e0000000)
  object space 125440K, 24% used [0x00000000a0000000,0x00000000a1e4da90,0x00000000a7a80000)
 Metaspace       used 66910K, capacity 68998K, committed 69248K, reserved 1110016K
  class space    used 8962K, capacity 9463K, committed 9600K, reserved 1048576K
}
Event: 29.372 GC heap before
{Heap before GC invocations=19 (full 3):
 PSYoungGen      total 208384K, used 204213K [0x00000000e0000000, 0x00000000f1400000, 0x0000000100000000)
  eden space 190464K, 100% used [0x00000000e0000000,0x00000000eba00000,0x00000000eba00000)
  from space 17920K, 76% used [0x00000000eba00000,0x00000000ec76d4f8,0x00000000ecb80000)
  to   space 18944K, 0% used [0x00000000f0180000,0x00000000f0180000,0x00000000f1400000)
 ParOldGen       total 125440K, used 31030K [0x00000000a0000000, 0x00000000a7a80000, 0x00000000e0000000)
  object space 125440K, 24% used [0x00000000a0000000,0x00000000a1e4da90,0x00000000a7a80000)
 Metaspace       used 70841K, capacity 73134K, committed 73344K, reserved 1112064K
  class space    used 9515K, capacity 10030K, committed 10112K, reserved 1048576K
Event: 29.383 GC heap after
Heap after GC invocations=19 (full 3):
 PSYoungGen      total 253440K, used 13650K [0x00000000e0000000, 0x00000000f1000000, 0x0000000100000000)
  eden space 238592K, 0% used [0x00000000e0000000,0x00000000e0000000,0x00000000ee900000)
  from space 14848K, 91% used [0x00000000f0180000,0x00000000f0ed49e0,0x00000000f1000000)
  to   space 19968K, 0% used [0x00000000ee900000,0x00000000ee900000,0x00000000efc80000)
 ParOldGen       total 125440K, used 31038K [0x00000000a0000000, 0x00000000a7a80000, 0x00000000e0000000)
  object space 125440K, 24% used [0x00000000a0000000,0x00000000a1e4fa90,0x00000000a7a80000)
 Metaspace       used 70841K, capacity 73134K, committed 73344K, reserved 1112064K
  class space    used 9515K, capacity 10030K, committed 10112K, reserved 1048576K
}

