# JRE version: OpenJDK Runtime Environment (8.0_242-b01) (build 1.8.0_242-release-1644-b01)
# Java VM: OpenJDK 64-Bit Server VM (25.242-b01 mixed mode windows-amd64 compressed oops)
Heap:
 PSYoungGen      total 74752K, used 57238K [0x00000000e0000000, 0x00000000e8200000, 0x0000000100000000)
  eden space 64512K, 77% used [0x00000000e0000000,0x00000000e30959b8,0x00000000e3f00000)
  from space 10240K, 73% used [0x00000000e4a00000,0x00000000e514ff40,0x00000000e5400000)
  to   space 11264K, 0% used [0x00000000e3f00000,0x00000000e3f00000,0x00000000e4a00000)
 ParOldGen       total 53248K, used 7523K [0x00000000a0000000, 0x00000000a3400000, 0x00000000e0000000)
  object space 53248K, 14% used [0x00000000a0000000,0x00000000a0758de8,0x00000000a3400000)
 Metaspace       used 30576K, capacity 31278K, committed 31360K, reserved 1077248K
  class space    used 4221K, capacity 4474K, committed 4480K, reserved 1048576K
GC Heap History (10 events):
Event: 2.851 GC heap before
{Heap before GC invocations=5 (full 0):
 PSYoungGen      total 37888K, used 37872K [0x00000000e0000000, 0x00000000e2a00000, 0x0000000100000000)
  eden space 32768K, 100% used [0x00000000e0000000,0x00000000e2000000,0x00000000e2000000)
  from space 5120K, 99% used [0x00000000e2500000,0x00000000e29fc030,0x00000000e2a00000)
  to   space 5120K, 0% used [0x00000000e2000000,0x00000000e2000000,0x00000000e2500000)
 ParOldGen       total 86016K, used 3753K [0x00000000a0000000, 0x00000000a5400000, 0x00000000e0000000)
  object space 86016K, 4% used [0x00000000a0000000,0x00000000a03aa4e0,0x00000000a5400000)
 Metaspace       used 17300K, capacity 17716K, committed 18048K, reserved 1064960K
  class space    used 2479K, capacity 2630K, committed 2688K, reserved 1048576K
Event: 2.860 GC heap after
Heap after GC invocations=5 (full 0):
 PSYoungGen      total 37888K, used 5104K [0x00000000e0000000, 0x00000000e5400000, 0x0000000100000000)
  eden space 32768K, 0% used [0x00000000e0000000,0x00000000e0000000,0x00000000e2000000)
  from space 5120K, 99% used [0x00000000e2000000,0x00000000e24fc030,0x00000000e2500000)
  to   space 10240K, 0% used [0x00000000e4a00000,0x00000000e4a00000,0x00000000e5400000)
 ParOldGen       total 86016K, used 6973K [0x00000000a0000000, 0x00000000a5400000, 0x00000000e0000000)
  object space 86016K, 8% used [0x00000000a0000000,0x00000000a06cf690,0x00000000a5400000)
 Metaspace       used 17300K, capacity 17716K, committed 18048K, reserved 1064960K
  class space    used 2479K, capacity 2630K, committed 2688K, reserved 1048576K
}
Event: 3.483 GC heap before
{Heap before GC invocations=6 (full 0):
 PSYoungGen      total 37888K, used 37872K [0x00000000e0000000, 0x00000000e5400000, 0x0000000100000000)
  eden space 32768K, 100% used [0x00000000e0000000,0x00000000e2000000,0x00000000e2000000)
  from space 5120K, 99% used [0x00000000e2000000,0x00000000e24fc030,0x00000000e2500000)
  to   space 10240K, 0% used [0x00000000e4a00000,0x00000000e4a00000,0x00000000e5400000)
 ParOldGen       total 86016K, used 6973K [0x00000000a0000000, 0x00000000a5400000, 0x00000000e0000000)
  object space 86016K, 8% used [0x00000000a0000000,0x00000000a06cf690,0x00000000a5400000)
 Metaspace       used 20221K, capacity 20814K, committed 21120K, reserved 1067008K
  class space    used 2937K, capacity 3109K, committed 3200K, reserved 1048576K
Event: 3.492 GC heap after
Heap after GC invocations=6 (full 0):
 PSYoungGen      total 74752K, used 8895K [0x00000000e0000000, 0x00000000e5600000, 0x0000000100000000)
  eden space 64512K, 0% used [0x00000000e0000000,0x00000000e0000000,0x00000000e3f00000)
  from space 10240K, 86% used [0x00000000e4a00000,0x00000000e52afef8,0x00000000e5400000)
  to   space 11264K, 0% used [0x00000000e3f00000,0x00000000e3f00000,0x00000000e4a00000)
 ParOldGen       total 86016K, used 6981K [0x00000000a0000000, 0x00000000a5400000, 0x00000000e0000000)
  object space 86016K, 8% used [0x00000000a0000000,0x00000000a06d1690,0x00000000a5400000)
 Metaspace       used 20221K, capacity 20814K, committed 21120K, reserved 1067008K
  class space    used 2937K, capacity 3109K, committed 3200K, reserved 1048576K
}
Event: 3.581 GC heap before
{Heap before GC invocations=7 (full 0):
 PSYoungGen      total 74752K, used 11918K [0x00000000e0000000, 0x00000000e5600000, 0x0000000100000000)
  eden space 64512K, 4% used [0x00000000e0000000,0x00000000e02f3a38,0x00000000e3f00000)
  from space 10240K, 86% used [0x00000000e4a00000,0x00000000e52afef8,0x00000000e5400000)
  to   space 11264K, 0% used [0x00000000e3f00000,0x00000000e3f00000,0x00000000e4a00000)
 ParOldGen       total 86016K, used 6981K [0x00000000a0000000, 0x00000000a5400000, 0x00000000e0000000)
  object space 86016K, 8% used [0x00000000a0000000,0x00000000a06d1690,0x00000000a5400000)
 Metaspace       used 20732K, capacity 21268K, committed 21296K, reserved 1067008K
  class space    used 2995K, capacity 3175K, committed 3200K, reserved 1048576K
Event: 3.591 GC heap after
Heap after GC invocations=7 (full 0):
 PSYoungGen      total 75776K, used 4792K [0x00000000e0000000, 0x00000000e5600000, 0x0000000100000000)
  eden space 64512K, 0% used [0x00000000e0000000,0x00000000e0000000,0x00000000e3f00000)
  from space 11264K, 42% used [0x00000000e3f00000,0x00000000e43ae230,0x00000000e4a00000)
  to   space 10240K, 0% used [0x00000000e4a00000,0x00000000e4a00000,0x00000000e5400000)
 ParOldGen       total 86016K, used 9077K [0x00000000a0000000, 0x00000000a5400000, 0x00000000e0000000)
  object space 86016K, 10% used [0x00000000a0000000,0x00000000a08dd6e0,0x00000000a5400000)
 Metaspace       used 20732K, capacity 21268K, committed 21296K, reserved 1067008K
  class space    used 2995K, capacity 3175K, committed 3200K, reserved 1048576K
}
Event: 3.591 GC heap before
{Heap before GC invocations=8 (full 1):
 PSYoungGen      total 75776K, used 4792K [0x00000000e0000000, 0x00000000e5600000, 0x0000000100000000)
  eden space 64512K, 0% used [0x00000000e0000000,0x00000000e0000000,0x00000000e3f00000)
  from space 11264K, 42% used [0x00000000e3f00000,0x00000000e43ae230,0x00000000e4a00000)
  to   space 10240K, 0% used [0x00000000e4a00000,0x00000000e4a00000,0x00000000e5400000)
 ParOldGen       total 86016K, used 9077K [0x00000000a0000000, 0x00000000a5400000, 0x00000000e0000000)
  object space 86016K, 10% used [0x00000000a0000000,0x00000000a08dd6e0,0x00000000a5400000)
 Metaspace       used 20732K, capacity 21268K, committed 21296K, reserved 1067008K
  class space    used 2995K, capacity 3175K, committed 3200K, reserved 1048576K
Event: 3.628 GC heap after
Heap after GC invocations=8 (full 1):
 PSYoungGen      total 75776K, used 0K [0x00000000e0000000, 0x00000000e5600000, 0x0000000100000000)
  eden space 64512K, 0% used [0x00000000e0000000,0x00000000e0000000,0x00000000e3f00000)
  from space 11264K, 0% used [0x00000000e3f00000,0x00000000e3f00000,0x00000000e4a00000)
  to   space 10240K, 0% used [0x00000000e4a00000,0x00000000e4a00000,0x00000000e5400000)
 ParOldGen       total 53248K, used 7515K [0x00000000a0000000, 0x00000000a3400000, 0x00000000e0000000)
  object space 53248K, 14% used [0x00000000a0000000,0x00000000a0756de8,0x00000000a3400000)
 Metaspace       used 20732K, capacity 21268K, committed 21296K, reserved 1067008K
  class space    used 2995K, capacity 3175K, committed 3200K, reserved 1048576K
}
Event: 4.619 GC heap before
{Heap before GC invocations=9 (full 1):
 PSYoungGen      total 75776K, used 64512K [0x00000000e0000000, 0x00000000e5600000, 0x0000000100000000)
  eden space 64512K, 100% used [0x00000000e0000000,0x00000000e3f00000,0x00000000e3f00000)
  from space 11264K, 0% used [0x00000000e3f00000,0x00000000e3f00000,0x00000000e4a00000)
  to   space 10240K, 0% used [0x00000000e4a00000,0x00000000e4a00000,0x00000000e5400000)
 ParOldGen       total 53248K, used 7515K [0x00000000a0000000, 0x00000000a3400000, 0x00000000e0000000)
  object space 53248K, 14% used [0x00000000a0000000,0x00000000a0756de8,0x00000000a3400000)
 Metaspace       used 28214K, capacity 28854K, committed 28928K, reserved 1075200K
  class space    used 3849K, capacity 4080K, committed 4096K, reserved 1048576K
Event: 4.632 GC heap after
Heap after GC invocations=9 (full 1):
 PSYoungGen      total 74752K, used 7487K [0x00000000e0000000, 0x00000000e8200000, 0x0000000100000000)
  eden space 64512K, 0% used [0x00000000e0000000,0x00000000e0000000,0x00000000e3f00000)
  from space 10240K, 73% used [0x00000000e4a00000,0x00000000e514ff40,0x00000000e5400000)
  to   space 11264K, 0% used [0x00000000e3f00000,0x00000000e3f00000,0x00000000e4a00000)
 ParOldGen       total 53248K, used 7523K [0x00000000a0000000, 0x00000000a3400000, 0x00000000e0000000)
  object space 53248K, 14% used [0x00000000a0000000,0x00000000a0758de8,0x00000000a3400000)
 Metaspace       used 28214K, capacity 28854K, committed 28928K, reserved 1075200K
  class space    used 3849K, capacity 4080K, committed 4096K, reserved 1048576K
}

