# JRE version: OpenJDK Runtime Environment (8.0_242-b01) (build 1.8.0_242-release-1644-b01)
# Java VM: OpenJDK 64-Bit Server VM (25.242-b01 mixed mode windows-amd64 compressed oops)
Heap:
 PSYoungGen      total 132608K, used 34533K [0x00000000d5580000, 0x00000000de680000, 0x0000000100000000)
  eden space 118272K, 17% used [0x00000000d5580000,0x00000000d693a140,0x00000000dc900000)
  from space 14336K, 99% used [0x00000000dc900000,0x00000000dd6ff578,0x00000000dd700000)
  to   space 12800K, 0% used [0x00000000dd700000,0x00000000dd700000,0x00000000de380000)
 ParOldGen       total 97280K, used 22094K [0x0000000080000000, 0x0000000085f00000, 0x00000000d5580000)
  object space 97280K, 22% used [0x0000000080000000,0x00000000815938c8,0x0000000085f00000)
 Metaspace       used 55684K, capacity 57448K, committed 57600K, reserved 1099776K
  class space    used 7683K, capacity 8139K, committed 8192K, reserved 1048576K
GC Heap History (10 events):
Event: 7.299 GC heap before
{Heap before GC invocations=9 (full 1):
 PSYoungGen      total 75776K, used 72778K [0x00000000d5580000, 0x00000000dc980000, 0x0000000100000000)
  eden space 64512K, 100% used [0x00000000d5580000,0x00000000d9480000,0x00000000d9480000)
  from space 11264K, 73% used [0x00000000d9480000,0x00000000d9c92b30,0x00000000d9f80000)
  to   space 11776K, 0% used [0x00000000dbe00000,0x00000000dbe00000,0x00000000dc980000)
 ParOldGen       total 62976K, used 9599K [0x0000000080000000, 0x0000000083d80000, 0x00000000d5580000)
  object space 62976K, 15% used [0x0000000080000000,0x000000008095ffb0,0x0000000083d80000)
 Metaspace       used 31858K, capacity 32446K, committed 32768K, reserved 1077248K
  class space    used 4363K, capacity 4560K, committed 4608K, reserved 1048576K
Event: 7.311 GC heap after
Heap after GC invocations=9 (full 1):
 PSYoungGen      total 104960K, used 8204K [0x00000000d5580000, 0x00000000dc880000, 0x0000000100000000)
  eden space 94208K, 0% used [0x00000000d5580000,0x00000000d5580000,0x00000000db180000)
  from space 10752K, 76% used [0x00000000dbe00000,0x00000000dc6030b8,0x00000000dc880000)
  to   space 11776K, 0% used [0x00000000db180000,0x00000000db180000,0x00000000dbd00000)
 ParOldGen       total 62976K, used 9607K [0x0000000080000000, 0x0000000083d80000, 0x00000000d5580000)
  object space 62976K, 15% used [0x0000000080000000,0x0000000080961fb0,0x0000000083d80000)
 Metaspace       used 31858K, capacity 32446K, committed 32768K, reserved 1077248K
  class space    used 4363K, capacity 4560K, committed 4608K, reserved 1048576K
}
Event: 8.548 GC heap before
{Heap before GC invocations=10 (full 1):
 PSYoungGen      total 104960K, used 77314K [0x00000000d5580000, 0x00000000dc880000, 0x0000000100000000)
  eden space 94208K, 73% used [0x00000000d5580000,0x00000000d98fdac0,0x00000000db180000)
  from space 10752K, 76% used [0x00000000dbe00000,0x00000000dc6030b8,0x00000000dc880000)
  to   space 11776K, 0% used [0x00000000db180000,0x00000000db180000,0x00000000dbd00000)
 ParOldGen       total 62976K, used 9607K [0x0000000080000000, 0x0000000083d80000, 0x00000000d5580000)
  object space 62976K, 15% used [0x0000000080000000,0x0000000080961fb0,0x0000000083d80000)
 Metaspace       used 34672K, capacity 35396K, committed 35456K, reserved 1079296K
  class space    used 4762K, capacity 4967K, committed 4992K, reserved 1048576K
Event: 8.560 GC heap after
Heap after GC invocations=10 (full 1):
 PSYoungGen      total 105984K, used 10693K [0x00000000d5580000, 0x00000000de380000, 0x0000000100000000)
  eden space 94208K, 0% used [0x00000000d5580000,0x00000000d5580000,0x00000000db180000)
  from space 11776K, 90% used [0x00000000db180000,0x00000000dbbf1510,0x00000000dbd00000)
  to   space 12800K, 0% used [0x00000000dd700000,0x00000000dd700000,0x00000000de380000)
 ParOldGen       total 62976K, used 9615K [0x0000000080000000, 0x0000000083d80000, 0x00000000d5580000)
  object space 62976K, 15% used [0x0000000080000000,0x0000000080963fb0,0x0000000083d80000)
 Metaspace       used 34672K, capacity 35396K, committed 35456K, reserved 1079296K
  class space    used 4762K, capacity 4967K, committed 4992K, reserved 1048576K
}
Event: 8.560 GC heap before
{Heap before GC invocations=11 (full 2):
 PSYoungGen      total 105984K, used 10693K [0x00000000d5580000, 0x00000000de380000, 0x0000000100000000)
  eden space 94208K, 0% used [0x00000000d5580000,0x00000000d5580000,0x00000000db180000)
  from space 11776K, 90% used [0x00000000db180000,0x00000000dbbf1510,0x00000000dbd00000)
  to   space 12800K, 0% used [0x00000000dd700000,0x00000000dd700000,0x00000000de380000)
 ParOldGen       total 62976K, used 9615K [0x0000000080000000, 0x0000000083d80000, 0x00000000d5580000)
  object space 62976K, 15% used [0x0000000080000000,0x0000000080963fb0,0x0000000083d80000)
 Metaspace       used 34672K, capacity 35396K, committed 35456K, reserved 1079296K
  class space    used 4762K, capacity 4967K, committed 4992K, reserved 1048576K
Event: 8.616 GC heap after
Heap after GC invocations=11 (full 2):
 PSYoungGen      total 105984K, used 0K [0x00000000d5580000, 0x00000000de380000, 0x0000000100000000)
  eden space 94208K, 0% used [0x00000000d5580000,0x00000000d5580000,0x00000000db180000)
  from space 11776K, 0% used [0x00000000db180000,0x00000000db180000,0x00000000dbd00000)
  to   space 12800K, 0% used [0x00000000dd700000,0x00000000dd700000,0x00000000de380000)
 ParOldGen       total 97280K, used 17262K [0x0000000080000000, 0x0000000085f00000, 0x00000000d5580000)
  object space 97280K, 17% used [0x0000000080000000,0x00000000810db960,0x0000000085f00000)
 Metaspace       used 34655K, capacity 35342K, committed 35456K, reserved 1079296K
  class space    used 4757K, capacity 4958K, committed 4992K, reserved 1048576K
}
Event: 10.337 GC heap before
{Heap before GC invocations=12 (full 2):
 PSYoungGen      total 105984K, used 94208K [0x00000000d5580000, 0x00000000de380000, 0x0000000100000000)
  eden space 94208K, 100% used [0x00000000d5580000,0x00000000db180000,0x00000000db180000)
  from space 11776K, 0% used [0x00000000db180000,0x00000000db180000,0x00000000dbd00000)
  to   space 12800K, 0% used [0x00000000dd700000,0x00000000dd700000,0x00000000de380000)
 ParOldGen       total 97280K, used 17262K [0x0000000080000000, 0x0000000085f00000, 0x00000000d5580000)
  object space 97280K, 17% used [0x0000000080000000,0x00000000810db960,0x0000000085f00000)
 Metaspace       used 44310K, capacity 45366K, committed 45568K, reserved 1089536K
  class space    used 5986K, capacity 6285K, committed 6400K, reserved 1048576K
Event: 10.356 GC heap after
Heap after GC invocations=12 (full 2):
 PSYoungGen      total 131072K, used 12422K [0x00000000d5580000, 0x00000000de680000, 0x0000000100000000)
  eden space 118272K, 0% used [0x00000000d5580000,0x00000000d5580000,0x00000000dc900000)
  from space 12800K, 97% used [0x00000000dd700000,0x00000000de321af0,0x00000000de380000)
  to   space 14336K, 0% used [0x00000000dc900000,0x00000000dc900000,0x00000000dd700000)
 ParOldGen       total 97280K, used 17270K [0x0000000080000000, 0x0000000085f00000, 0x00000000d5580000)
  object space 97280K, 17% used [0x0000000080000000,0x00000000810dd960,0x0000000085f00000)
 Metaspace       used 44310K, capacity 45366K, committed 45568K, reserved 1089536K
  class space    used 5986K, capacity 6285K, committed 6400K, reserved 1048576K
}
Event: 12.665 GC heap before
{Heap before GC invocations=13 (full 2):
 PSYoungGen      total 131072K, used 130694K [0x00000000d5580000, 0x00000000de680000, 0x0000000100000000)
  eden space 118272K, 100% used [0x00000000d5580000,0x00000000dc900000,0x00000000dc900000)
  from space 12800K, 97% used [0x00000000dd700000,0x00000000de321af0,0x00000000de380000)
  to   space 14336K, 0% used [0x00000000dc900000,0x00000000dc900000,0x00000000dd700000)
 ParOldGen       total 97280K, used 17270K [0x0000000080000000, 0x0000000085f00000, 0x00000000d5580000)
  object space 97280K, 17% used [0x0000000080000000,0x00000000810dd960,0x0000000085f00000)
 Metaspace       used 54459K, capacity 56150K, committed 56320K, reserved 1097728K
  class space    used 7509K, capacity 7912K, committed 7936K, reserved 1048576K
Event: 12.684 GC heap after
Heap after GC invocations=13 (full 2):
 PSYoungGen      total 132608K, used 14333K [0x00000000d5580000, 0x00000000de680000, 0x0000000100000000)
  eden space 118272K, 0% used [0x00000000d5580000,0x00000000d5580000,0x00000000dc900000)
  from space 14336K, 99% used [0x00000000dc900000,0x00000000dd6ff578,0x00000000dd700000)
  to   space 12800K, 0% used [0x00000000dd700000,0x00000000dd700000,0x00000000de380000)
 ParOldGen       total 97280K, used 22094K [0x0000000080000000, 0x0000000085f00000, 0x00000000d5580000)
  object space 97280K, 22% used [0x0000000080000000,0x00000000815938c8,0x0000000085f00000)
 Metaspace       used 54459K, capacity 56150K, committed 56320K, reserved 1097728K
  class space    used 7509K, capacity 7912K, committed 7936K, reserved 1048576K
}

