# JRE version: OpenJDK Runtime Environment (8.0_242-b01) (build 1.8.0_242-release-1644-b01)
# Java VM: OpenJDK 64-Bit Server VM (25.242-b01 mixed mode windows-amd64 compressed oops)
Heap:
 PSYoungGen      total 315904K, used 75090K [0x00000000d5580000, 0x00000000eb480000, 0x0000000100000000)
  eden space 276480K, 16% used [0x00000000d5580000,0x00000000d8212018,0x00000000e6380000)
  from space 39424K, 74% used [0x00000000e8e00000,0x00000000eaac2930,0x00000000eb480000)
  to   space 41472K, 0% used [0x00000000e6380000,0x00000000e6380000,0x00000000e8c00000)
 ParOldGen       total 152576K, used 61682K [0x0000000080000000, 0x0000000089500000, 0x00000000d5580000)
  object space 152576K, 40% used [0x0000000080000000,0x0000000083c3c9e8,0x0000000089500000)
 Metaspace       used 88298K, capacity 91942K, committed 92184K, reserved 1128448K
  class space    used 11397K, capacity 12207K, committed 12312K, reserved 1048576K
GC Heap History (10 events):
Event: 44.924 GC heap before
{Heap before GC invocations=17 (full 3):
 PSYoungGen      total 229376K, used 219653K [0x00000000d5580000, 0x00000000e5b80000, 0x0000000100000000)
  eden space 208896K, 99% used [0x00000000d5580000,0x00000000e216a4c8,0x00000000e2180000)
  from space 20480K, 52% used [0x00000000e2180000,0x00000000e2c16fb8,0x00000000e3580000)
  to   space 19456K, 0% used [0x00000000e4880000,0x00000000e4880000,0x00000000e5b80000)
 ParOldGen       total 152576K, used 36337K [0x0000000080000000, 0x0000000089500000, 0x00000000d5580000)
  object space 152576K, 23% used [0x0000000080000000,0x000000008237c630,0x0000000089500000)
 Metaspace       used 73737K, capacity 76520K, committed 76696K, reserved 1116160K
  class space    used 10007K, capacity 10615K, committed 10648K, reserved 1048576K
Event: 45.007 GC heap after
Heap after GC invocations=17 (full 3):
 PSYoungGen      total 246784K, used 18802K [0x00000000d5580000, 0x00000000e5e80000, 0x0000000100000000)
  eden space 227328K, 0% used [0x00000000d5580000,0x00000000d5580000,0x00000000e3380000)
  from space 19456K, 96% used [0x00000000e4880000,0x00000000e5adc888,0x00000000e5b80000)
  to   space 21504K, 0% used [0x00000000e3380000,0x00000000e3380000,0x00000000e4880000)
 ParOldGen       total 152576K, used 36345K [0x0000000080000000, 0x0000000089500000, 0x00000000d5580000)
  object space 152576K, 23% used [0x0000000080000000,0x000000008237e630,0x0000000089500000)
 Metaspace       used 73737K, capacity 76520K, committed 76696K, reserved 1116160K
  class space    used 10007K, capacity 10615K, committed 10648K, reserved 1048576K
}
Event: 51.906 GC heap before
{Heap before GC invocations=18 (full 3):
 PSYoungGen      total 246784K, used 246130K [0x00000000d5580000, 0x00000000e5e80000, 0x0000000100000000)
  eden space 227328K, 100% used [0x00000000d5580000,0x00000000e3380000,0x00000000e3380000)
  from space 19456K, 96% used [0x00000000e4880000,0x00000000e5adc888,0x00000000e5b80000)
  to   space 21504K, 0% used [0x00000000e3380000,0x00000000e3380000,0x00000000e4880000)
 ParOldGen       total 152576K, used 36345K [0x0000000080000000, 0x0000000089500000, 0x00000000d5580000)
  object space 152576K, 23% used [0x0000000080000000,0x000000008237e630,0x0000000089500000)
 Metaspace       used 76265K, capacity 79320K, committed 79512K, reserved 1118208K
  class space    used 10202K, capacity 10831K, committed 10904K, reserved 1048576K
Event: 51.928 GC heap after
Heap after GC invocations=18 (full 3):
 PSYoungGen      total 248832K, used 20824K [0x00000000d5580000, 0x00000000e7480000, 0x0000000100000000)
  eden space 227328K, 0% used [0x00000000d5580000,0x00000000d5580000,0x00000000e3380000)
  from space 21504K, 96% used [0x00000000e3380000,0x00000000e47d6138,0x00000000e4880000)
  to   space 24064K, 0% used [0x00000000e5d00000,0x00000000e5d00000,0x00000000e7480000)
 ParOldGen       total 152576K, used 36353K [0x0000000080000000, 0x0000000089500000, 0x00000000d5580000)
  object space 152576K, 23% used [0x0000000080000000,0x0000000082380630,0x0000000089500000)
 Metaspace       used 76265K, capacity 79320K, committed 79512K, reserved 1118208K
  class space    used 10202K, capacity 10831K, committed 10904K, reserved 1048576K
}
Event: 54.213 GC heap before
{Heap before GC invocations=19 (full 3):
 PSYoungGen      total 248832K, used 248152K [0x00000000d5580000, 0x00000000e7480000, 0x0000000100000000)
  eden space 227328K, 100% used [0x00000000d5580000,0x00000000e3380000,0x00000000e3380000)
  from space 21504K, 96% used [0x00000000e3380000,0x00000000e47d6138,0x00000000e4880000)
  to   space 24064K, 0% used [0x00000000e5d00000,0x00000000e5d00000,0x00000000e7480000)
 ParOldGen       total 152576K, used 36353K [0x0000000080000000, 0x0000000089500000, 0x00000000d5580000)
  object space 152576K, 23% used [0x0000000080000000,0x0000000082380630,0x0000000089500000)
 Metaspace       used 76549K, capacity 79608K, committed 79768K, reserved 1118208K
  class space    used 10222K, capacity 10863K, committed 10904K, reserved 1048576K
Event: 54.533 GC heap after
Heap after GC invocations=19 (full 3):
 PSYoungGen      total 265216K, used 24061K [0x00000000d5580000, 0x00000000eab00000, 0x0000000100000000)
  eden space 241152K, 0% used [0x00000000d5580000,0x00000000d5580000,0x00000000e4100000)
  from space 24064K, 99% used [0x00000000e5d00000,0x00000000e747f628,0x00000000e7480000)
  to   space 28672K, 0% used [0x00000000e4100000,0x00000000e4100000,0x00000000e5d00000)
 ParOldGen       total 152576K, used 40078K [0x0000000080000000, 0x0000000089500000, 0x00000000d5580000)
  object space 152576K, 26% used [0x0000000080000000,0x0000000082723be0,0x0000000089500000)
 Metaspace       used 76549K, capacity 79608K, committed 79768K, reserved 1118208K
  class space    used 10222K, capacity 10863K, committed 10904K, reserved 1048576K
}
Event: 92.523 GC heap before
{Heap before GC invocations=20 (full 3):
 PSYoungGen      total 265216K, used 265213K [0x00000000d5580000, 0x00000000eab00000, 0x0000000100000000)
  eden space 241152K, 100% used [0x00000000d5580000,0x00000000e4100000,0x00000000e4100000)
  from space 24064K, 99% used [0x00000000e5d00000,0x00000000e747f628,0x00000000e7480000)
  to   space 28672K, 0% used [0x00000000e4100000,0x00000000e4100000,0x00000000e5d00000)
 ParOldGen       total 152576K, used 40078K [0x0000000080000000, 0x0000000089500000, 0x00000000d5580000)
  object space 152576K, 26% used [0x0000000080000000,0x0000000082723be0,0x0000000089500000)
 Metaspace       used 82407K, capacity 85846K, committed 86040K, reserved 1124352K
  class space    used 10749K, capacity 11469K, committed 11544K, reserved 1048576K
Event: 92.589 GC heap after
Heap after GC invocations=20 (full 3):
 PSYoungGen      total 269824K, used 28655K [0x00000000d5580000, 0x00000000eb480000, 0x0000000100000000)
  eden space 241152K, 0% used [0x00000000d5580000,0x00000000d5580000,0x00000000e4100000)
  from space 28672K, 99% used [0x00000000e4100000,0x00000000e5cfbed8,0x00000000e5d00000)
  to   space 39424K, 0% used [0x00000000e8e00000,0x00000000e8e00000,0x00000000eb480000)
 ParOldGen       total 152576K, used 57604K [0x0000000080000000, 0x0000000089500000, 0x00000000d5580000)
  object space 152576K, 37% used [0x0000000080000000,0x0000000083841110,0x0000000089500000)
 Metaspace       used 82407K, capacity 85846K, committed 86040K, reserved 1124352K
  class space    used 10749K, capacity 11469K, committed 11544K, reserved 1048576K
}
Event: 100.261 GC heap before
{Heap before GC invocations=21 (full 3):
 PSYoungGen      total 269824K, used 269807K [0x00000000d5580000, 0x00000000eb480000, 0x0000000100000000)
  eden space 241152K, 100% used [0x00000000d5580000,0x00000000e4100000,0x00000000e4100000)
  from space 28672K, 99% used [0x00000000e4100000,0x00000000e5cfbed8,0x00000000e5d00000)
  to   space 39424K, 0% used [0x00000000e8e00000,0x00000000e8e00000,0x00000000eb480000)
 ParOldGen       total 152576K, used 57604K [0x0000000080000000, 0x0000000089500000, 0x00000000d5580000)
  object space 152576K, 37% used [0x0000000080000000,0x0000000083841110,0x0000000089500000)
 Metaspace       used 87257K, capacity 90898K, committed 91288K, reserved 1128448K
  class space    used 11266K, capacity 12063K, committed 12184K, reserved 1048576K
Event: 100.325 GC heap after
Heap after GC invocations=21 (full 3):
 PSYoungGen      total 315904K, used 29450K [0x00000000d5580000, 0x00000000eb480000, 0x0000000100000000)
  eden space 276480K, 0% used [0x00000000d5580000,0x00000000d5580000,0x00000000e6380000)
  from space 39424K, 74% used [0x00000000e8e00000,0x00000000eaac2930,0x00000000eb480000)
  to   space 41472K, 0% used [0x00000000e6380000,0x00000000e6380000,0x00000000e8c00000)
 ParOldGen       total 152576K, used 61682K [0x0000000080000000, 0x0000000089500000, 0x00000000d5580000)
  object space 152576K, 40% used [0x0000000080000000,0x0000000083c3c9e8,0x0000000089500000)
 Metaspace       used 87257K, capacity 90898K, committed 91288K, reserved 1128448K
  class space    used 11266K, capacity 12063K, committed 12184K, reserved 1048576K
}

